<?xml version="1.0" encoding="UTF-8"?>
<coverage generated="1717666279787" clover="3.2.0">
  <project timestamp="1717666279787" name="All files">
    <metrics statements="14" coveredstatements="12" conditionals="2" coveredconditionals="2" methods="4" coveredmethods="3" elements="20" coveredelements="17" complexity="0" loc="14" ncloc="14" packages="1" files="1" classes="1"/>
    <file name="firebaseTestEnv.js" path="/Users/mouhamadouabdoulkane/Desktop/M1_EPSI/MSPR_4/MSPR-Appli-Commande/tests/firebaseTestEnv.js">
      <metrics statements="14" coveredstatements="12" conditionals="2" coveredconditionals="2" methods="4" coveredmethods="3"/>
      <line num="1" count="1" type="stmt"/>
      <line num="4" count="3" type="cond" truecount="2" falsecount="0"/>
      <line num="5" count="2" type="stmt"/>
      <line num="14" count="1" type="stmt"/>
      <line num="15" count="1" type="stmt"/>
      <line num="16" count="1" type="stmt"/>
      <line num="17" count="0" type="stmt"/>
      <line num="18" count="0" type="stmt"/>
      <line num="23" count="1" type="stmt"/>
      <line num="24" count="1" type="stmt"/>
      <line num="25" count="1" type="stmt"/>
      <line num="26" count="1" type="stmt"/>
      <line num="27" count="1" type="stmt"/>
      <line num="31" count="1" type="stmt"/>
    </file>
  </project>
</coverage>
