{"C:\\Users\\avand\\OneDrive\\Bureau\\API_Commandes\\MSPR-Appli-Commande\\src\\firebase.js": {"path":"C:\\Users\\avand\\OneDrive\\Bureau\\API_Commandes\\MSPR-Appli-Commande\\src\\firebase.js","statementMap":{"0":{"start":{"line":1,"column":14},"end":{"line":1,"column":39}},"1":{"start":{"line":3,"column":0},"end":{"line":9,"column":3}},"2":{"start":{"line":11,"column":11},"end":{"line":11,"column":28}},"3":{"start":{"line":12,"column":0},"end":{"line":12,"column":20}}},"fnMap":{},"branchMap":{},"s":{"0":2,"1":2,"2":2,"3":2},"f":{},"b":{},"_coverageSchema":"1a1c01bbd47fc00a2c39e90264f33305004495a9","hash":"51f5ff367363de3eaffa1506852593dbbdc3e649"}
,"C:\\Users\\avand\\OneDrive\\Bureau\\API_Commandes\\MSPR-Appli-Commande\\src\\routes\\orders.js": {"path":"C:\\Users\\avand\\OneDrive\\Bureau\\API_Commandes\\MSPR-Appli-Commande\\src\\routes\\orders.js","statementMap":{"0":{"start":{"line":1,"column":16},"end":{"line":1,"column":34}},"1":{"start":{"line":2,"column":15},"end":{"line":2,"column":31}},"2":{"start":{"line":3,"column":11},"end":{"line":3,"column":33}},"3":{"start":{"line":6,"column":22},"end":{"line":16,"column":1}},"4":{"start":{"line":7,"column":69},"end":{"line":7,"column":77}},"5":{"start":{"line":8,"column":4},"end":{"line":10,"column":5}},"6":{"start":{"line":9,"column":8},"end":{"line":9,"column":121}},"7":{"start":{"line":11,"column":4},"end":{"line":13,"column":5}},"8":{"start":{"line":12,"column":8},"end":{"line":12,"column":76}},"9":{"start":{"line":14,"column":4},"end":{"line":14,"column":33}},"10":{"start":{"line":15,"column":4},"end":{"line":15,"column":11}},"11":{"start":{"line":19,"column":0},"end":{"line":27,"column":3}},"12":{"start":{"line":20,"column":4},"end":{"line":26,"column":5}},"13":{"start":{"line":21,"column":31},"end":{"line":21,"column":66}},"14":{"start":{"line":22,"column":23},"end":{"line":22,"column":86}},"15":{"start":{"line":22,"column":55},"end":{"line":22,"column":84}},"16":{"start":{"line":23,"column":8},"end":{"line":23,"column":37}},"17":{"start":{"line":25,"column":8},"end":{"line":25,"column":96}},"18":{"start":{"line":30,"column":0},"end":{"line":41,"column":3}},"19":{"start":{"line":31,"column":4},"end":{"line":40,"column":5}},"20":{"start":{"line":32,"column":26},"end":{"line":32,"column":80}},"21":{"start":{"line":33,"column":8},"end":{"line":37,"column":9}},"22":{"start":{"line":34,"column":12},"end":{"line":34,"column":57}},"23":{"start":{"line":36,"column":12},"end":{"line":36,"column":76}},"24":{"start":{"line":39,"column":8},"end":{"line":39,"column":104}},"25":{"start":{"line":44,"column":0},"end":{"line":52,"column":3}},"26":{"start":{"line":45,"column":4},"end":{"line":51,"column":5}},"27":{"start":{"line":46,"column":25},"end":{"line":46,"column":33}},"28":{"start":{"line":47,"column":23},"end":{"line":47,"column":66}},"29":{"start":{"line":48,"column":8},"end":{"line":48,"column":74}},"30":{"start":{"line":50,"column":8},"end":{"line":50,"column":93}},"31":{"start":{"line":55,"column":0},"end":{"line":71,"column":3}},"32":{"start":{"line":56,"column":4},"end":{"line":70,"column":5}},"33":{"start":{"line":57,"column":27},"end":{"line":57,"column":35}},"34":{"start":{"line":58,"column":8},"end":{"line":60,"column":9}},"35":{"start":{"line":59,"column":12},"end":{"line":59,"column":86}},"36":{"start":{"line":61,"column":25},"end":{"line":61,"column":79}},"37":{"start":{"line":62,"column":8},"end":{"line":67,"column":9}},"38":{"start":{"line":63,"column":12},"end":{"line":63,"column":57}},"39":{"start":{"line":65,"column":12},"end":{"line":65,"column":80}},"40":{"start":{"line":66,"column":12},"end":{"line":66,"column":69}},"41":{"start":{"line":69,"column":8},"end":{"line":69,"column":96}},"42":{"start":{"line":74,"column":0},"end":{"line":86,"column":3}},"43":{"start":{"line":75,"column":4},"end":{"line":85,"column":5}},"44":{"start":{"line":76,"column":25},"end":{"line":76,"column":79}},"45":{"start":{"line":77,"column":8},"end":{"line":82,"column":9}},"46":{"start":{"line":78,"column":12},"end":{"line":78,"column":57}},"47":{"start":{"line":80,"column":12},"end":{"line":80,"column":70}},"48":{"start":{"line":81,"column":12},"end":{"line":81,"column":55}},"49":{"start":{"line":84,"column":8},"end":{"line":84,"column":96}},"50":{"start":{"line":88,"column":0},"end":{"line":88,"column":24}}},"fnMap":{"0":{"name":"(anonymous_0)","decl":{"start":{"line":6,"column":22},"end":{"line":6,"column":23}},"loc":{"start":{"line":6,"column":42},"end":{"line":16,"column":1}},"line":6},"1":{"name":"(anonymous_1)","decl":{"start":{"line":19,"column":16},"end":{"line":19,"column":17}},"loc":{"start":{"line":19,"column":36},"end":{"line":27,"column":1}},"line":19},"2":{"name":"(anonymous_2)","decl":{"start":{"line":22,"column":47},"end":{"line":22,"column":48}},"loc":{"start":{"line":22,"column":55},"end":{"line":22,"column":84}},"line":22},"3":{"name":"(anonymous_3)","decl":{"start":{"line":30,"column":19},"end":{"line":30,"column":20}},"loc":{"start":{"line":30,"column":39},"end":{"line":41,"column":1}},"line":30},"4":{"name":"(anonymous_4)","decl":{"start":{"line":44,"column":32},"end":{"line":44,"column":33}},"loc":{"start":{"line":44,"column":52},"end":{"line":52,"column":1}},"line":44},"5":{"name":"(anonymous_5)","decl":{"start":{"line":55,"column":19},"end":{"line":55,"column":20}},"loc":{"start":{"line":55,"column":39},"end":{"line":71,"column":1}},"line":55},"6":{"name":"(anonymous_6)","decl":{"start":{"line":74,"column":22},"end":{"line":74,"column":23}},"loc":{"start":{"line":74,"column":42},"end":{"line":86,"column":1}},"line":74}},"branchMap":{"0":{"loc":{"start":{"line":8,"column":4},"end":{"line":10,"column":5}},"type":"if","locations":[{"start":{"line":8,"column":4},"end":{"line":10,"column":5}},{"start":{},"end":{}}],"line":8},"1":{"loc":{"start":{"line":8,"column":8},"end":{"line":8,"column":65}},"type":"binary-expr","locations":[{"start":{"line":8,"column":8},"end":{"line":8,"column":13}},{"start":{"line":8,"column":17},"end":{"line":8,"column":28}},{"start":{"line":8,"column":32},"end":{"line":8,"column":42}},{"start":{"line":8,"column":46},"end":{"line":8,"column":55}},{"start":{"line":8,"column":59},"end":{"line":8,"column":65}}],"line":8},"2":{"loc":{"start":{"line":11,"column":4},"end":{"line":13,"column":5}},"type":"if","locations":[{"start":{"line":11,"column":4},"end":{"line":13,"column":5}},{"start":{},"end":{}}],"line":11},"3":{"loc":{"start":{"line":11,"column":8},"end":{"line":11,"column":160}},"type":"binary-expr","locations":[{"start":{"line":11,"column":8},"end":{"line":11,"column":32}},{"start":{"line":11,"column":36},"end":{"line":11,"column":66}},{"start":{"line":11,"column":70},"end":{"line":11,"column":99}},{"start":{"line":11,"column":103},"end":{"line":11,"column":131}},{"start":{"line":11,"column":135},"end":{"line":11,"column":160}}],"line":11},"4":{"loc":{"start":{"line":33,"column":8},"end":{"line":37,"column":9}},"type":"if","locations":[{"start":{"line":33,"column":8},"end":{"line":37,"column":9}},{"start":{"line":35,"column":15},"end":{"line":37,"column":9}}],"line":33},"5":{"loc":{"start":{"line":58,"column":8},"end":{"line":60,"column":9}},"type":"if","locations":[{"start":{"line":58,"column":8},"end":{"line":60,"column":9}},{"start":{},"end":{}}],"line":58},"6":{"loc":{"start":{"line":62,"column":8},"end":{"line":67,"column":9}},"type":"if","locations":[{"start":{"line":62,"column":8},"end":{"line":67,"column":9}},{"start":{"line":64,"column":15},"end":{"line":67,"column":9}}],"line":62},"7":{"loc":{"start":{"line":77,"column":8},"end":{"line":82,"column":9}},"type":"if","locations":[{"start":{"line":77,"column":8},"end":{"line":82,"column":9}},{"start":{"line":79,"column":15},"end":{"line":82,"column":9}}],"line":77}},"s":{"0":1,"1":1,"2":1,"3":1,"4":4,"5":4,"6":1,"7":3,"8":1,"9":2,"10":2,"11":1,"12":2,"13":2,"14":1,"15":1,"16":1,"17":1,"18":1,"19":3,"20":3,"21":2,"22":1,"23":1,"24":1,"25":1,"26":2,"27":2,"28":2,"29":1,"30":1,"31":1,"32":4,"33":4,"34":4,"35":1,"36":3,"37":2,"38":1,"39":1,"40":1,"41":1,"42":1,"43":3,"44":3,"45":2,"46":1,"47":1,"48":1,"49":1,"50":1},"f":{"0":4,"1":2,"2":1,"3":3,"4":2,"5":4,"6":3},"b":{"0":[1,3],"1":[4,3,3,3,3],"2":[1,2],"3":[3,3,3,3,2],"4":[1,1],"5":[1,3],"6":[1,1],"7":[1,1]},"_coverageSchema":"1a1c01bbd47fc00a2c39e90264f33305004495a9","hash":"b1d2e121fb38948e8ce8e0ab12ab40e5e2bd2af8"}
,"C:\\Users\\avand\\OneDrive\\Bureau\\API_Commandes\\MSPR-Appli-Commande\\tests\\firebaseTestEnv.js": {"path":"C:\\Users\\avand\\OneDrive\\Bureau\\API_Commandes\\MSPR-Appli-Commande\\tests\\firebaseTestEnv.js","statementMap":{"0":{"start":{"line":1,"column":14},"end":{"line":1,"column":39}},"1":{"start":{"line":4,"column":4},"end":{"line":12,"column":5}},"2":{"start":{"line":5,"column":8},"end":{"line":11,"column":11}},"3":{"start":{"line":14,"column":15},"end":{"line":14,"column":32}},"4":{"start":{"line":15,"column":24},"end":{"line":15,"column":50}},"5":{"start":{"line":16,"column":4},"end":{"line":19,"column":5}},"6":{"start":{"line":17,"column":25},"end":{"line":17,"column":47}},"7":{"start":{"line":18,"column":8},"end":{"line":18,"column":52}},"8":{"start":{"line":18,"column":34},"end":{"line":18,"column":50}},"9":{"start":{"line":23,"column":15},"end":{"line":23,"column":32}},"10":{"start":{"line":24,"column":24},"end":{"line":24,"column":50}},"11":{"start":{"line":25,"column":4},"end":{"line":28,"column":5}},"12":{"start":{"line":26,"column":25},"end":{"line":26,"column":47}},"13":{"start":{"line":27,"column":8},"end":{"line":27,"column":52}},"14":{"start":{"line":27,"column":34},"end":{"line":27,"column":50}},"15":{"start":{"line":31,"column":0},"end":{"line":34,"column":2}}},"fnMap":{"0":{"name":"setupFirebaseTestEnv","decl":{"start":{"line":3,"column":15},"end":{"line":3,"column":35}},"loc":{"start":{"line":3,"column":38},"end":{"line":20,"column":1}},"line":3},"1":{"name":"(anonymous_1)","decl":{"start":{"line":18,"column":25},"end":{"line":18,"column":26}},"loc":{"start":{"line":18,"column":34},"end":{"line":18,"column":50}},"line":18},"2":{"name":"teardownFirebaseTestEnv","decl":{"start":{"line":22,"column":15},"end":{"line":22,"column":38}},"loc":{"start":{"line":22,"column":41},"end":{"line":29,"column":1}},"line":22},"3":{"name":"(anonymous_3)","decl":{"start":{"line":27,"column":25},"end":{"line":27,"column":26}},"loc":{"start":{"line":27,"column":34},"end":{"line":27,"column":50}},"line":27}},"branchMap":{"0":{"loc":{"start":{"line":4,"column":4},"end":{"line":12,"column":5}},"type":"if","locations":[{"start":{"line":4,"column":4},"end":{"line":12,"column":5}},{"start":{},"end":{}}],"line":4}},"s":{"0":2,"1":4,"2":2,"3":4,"4":4,"5":4,"6":1,"7":1,"8":1,"9":2,"10":2,"11":2,"12":1,"13":1,"14":1,"15":2},"f":{"0":4,"1":1,"2":2,"3":1},"b":{"0":[2,2]},"_coverageSchema":"1a1c01bbd47fc00a2c39e90264f33305004495a9","hash":"75a20c54597c07388fdf6e80d0aef8092226e5b6"}
}
