{"/Users/mouhamadouabdoulkane/Desktop/M1_EPSI/MSPR_4/MSPR-Appli-Commande/tests/firebaseTestEnv.js": {"path":"/Users/mouhamadouabdoulkane/Desktop/M1_EPSI/MSPR_4/MSPR-Appli-Commande/tests/firebaseTestEnv.js","statementMap":{"0":{"start":{"line":1,"column":14},"end":{"line":1,"column":39}},"1":{"start":{"line":4,"column":4},"end":{"line":12,"column":5}},"2":{"start":{"line":5,"column":8},"end":{"line":11,"column":11}},"3":{"start":{"line":14,"column":15},"end":{"line":14,"column":32}},"4":{"start":{"line":15,"column":24},"end":{"line":15,"column":50}},"5":{"start":{"line":16,"column":4},"end":{"line":19,"column":5}},"6":{"start":{"line":17,"column":25},"end":{"line":17,"column":47}},"7":{"start":{"line":18,"column":8},"end":{"line":18,"column":52}},"8":{"start":{"line":18,"column":34},"end":{"line":18,"column":50}},"9":{"start":{"line":23,"column":15},"end":{"line":23,"column":32}},"10":{"start":{"line":24,"column":24},"end":{"line":24,"column":50}},"11":{"start":{"line":25,"column":4},"end":{"line":28,"column":5}},"12":{"start":{"line":26,"column":25},"end":{"line":26,"column":47}},"13":{"start":{"line":27,"column":8},"end":{"line":27,"column":52}},"14":{"start":{"line":27,"column":34},"end":{"line":27,"column":50}},"15":{"start":{"line":31,"column":0},"end":{"line":34,"column":2}}},"fnMap":{"0":{"name":"setupFirebaseTestEnv","decl":{"start":{"line":3,"column":15},"end":{"line":3,"column":35}},"loc":{"start":{"line":3,"column":38},"end":{"line":20,"column":1}},"line":3},"1":{"name":"(anonymous_1)","decl":{"start":{"line":18,"column":25},"end":{"line":18,"column":26}},"loc":{"start":{"line":18,"column":34},"end":{"line":18,"column":50}},"line":18},"2":{"name":"teardownFirebaseTestEnv","decl":{"start":{"line":22,"column":15},"end":{"line":22,"column":38}},"loc":{"start":{"line":22,"column":41},"end":{"line":29,"column":1}},"line":22},"3":{"name":"(anonymous_3)","decl":{"start":{"line":27,"column":25},"end":{"line":27,"column":26}},"loc":{"start":{"line":27,"column":34},"end":{"line":27,"column":50}},"line":27}},"branchMap":{"0":{"loc":{"start":{"line":4,"column":4},"end":{"line":12,"column":5}},"type":"if","locations":[{"start":{"line":4,"column":4},"end":{"line":12,"column":5}},{"start":{},"end":{}}],"line":4}},"s":{"0":1,"1":3,"2":2,"3":1,"4":1,"5":1,"6":0,"7":0,"8":0,"9":1,"10":1,"11":1,"12":1,"13":1,"14":1,"15":1},"f":{"0":3,"1":0,"2":1,"3":1},"b":{"0":[2,1]},"_coverageSchema":"1a1c01bbd47fc00a2c39e90264f33305004495a9","hash":"68b6d1b5be3ec7b9cf0d1fc84c813be0fc5c4314"}
}
