TN:
SF:src\firebase.js
FNF:0
FNH:0
DA:1,2
DA:3,2
DA:11,2
DA:12,2
LF:4
LH:4
BRF:0
BRH:0
end_of_record
TN:
SF:src\routes\orders.js
FN:6,(anonymous_0)
FN:19,(anonymous_1)
FN:22,(anonymous_2)
FN:30,(anonymous_3)
FN:44,(anonymous_4)
FN:55,(anonymous_5)
FN:74,(anonymous_6)
FNF:7
FNH:7
FNDA:4,(anonymous_0)
FNDA:2,(anonymous_1)
FNDA:1,(anonymous_2)
FNDA:3,(anonymous_3)
FNDA:2,(anonymous_4)
FNDA:4,(anonymous_5)
FNDA:3,(anonymous_6)
DA:1,1
DA:2,1
DA:3,1
DA:6,1
DA:7,4
DA:8,4
DA:9,1
DA:11,3
DA:12,1
DA:14,2
DA:15,2
DA:19,1
DA:20,2
DA:21,2
DA:22,1
DA:23,1
DA:25,1
DA:30,1
DA:31,3
DA:32,3
DA:33,2
DA:34,1
DA:36,1
DA:39,1
DA:44,1
DA:45,2
DA:46,2
DA:47,2
DA:48,1
DA:50,1
DA:55,1
DA:56,4
DA:57,4
DA:58,4
DA:59,1
DA:61,3
DA:62,2
DA:63,1
DA:65,1
DA:66,1
DA:69,1
DA:74,1
DA:75,3
DA:76,3
DA:77,2
DA:78,1
DA:80,1
DA:81,1
DA:84,1
DA:88,1
LF:50
LH:50
BRDA:8,0,0,1
BRDA:8,0,1,3
BRDA:8,1,0,4
BRDA:8,1,1,3
BRDA:8,1,2,3
BRDA:8,1,3,3
BRDA:8,1,4,3
BRDA:11,2,0,1
BRDA:11,2,1,2
BRDA:11,3,0,3
BRDA:11,3,1,3
BRDA:11,3,2,3
BRDA:11,3,3,3
BRDA:11,3,4,2
BRDA:33,4,0,1
BRDA:33,4,1,1
BRDA:58,5,0,1
BRDA:58,5,1,3
BRDA:62,6,0,1
BRDA:62,6,1,1
BRDA:77,7,0,1
BRDA:77,7,1,1
BRF:22
BRH:22
end_of_record
TN:
SF:tests\firebaseTestEnv.js
FN:3,setupFirebaseTestEnv
FN:18,(anonymous_1)
FN:22,teardownFirebaseTestEnv
FN:27,(anonymous_3)
FNF:4
FNH:4
FNDA:4,setupFirebaseTestEnv
FNDA:1,(anonymous_1)
FNDA:2,teardownFirebaseTestEnv
FNDA:1,(anonymous_3)
DA:1,2
DA:4,4
DA:5,2
DA:14,4
DA:15,4
DA:16,4
DA:17,1
DA:18,1
DA:23,2
DA:24,2
DA:25,2
DA:26,1
DA:27,1
DA:31,2
LF:14
LH:14
BRDA:4,0,0,2
BRDA:4,0,1,2
BRF:2
BRH:2
end_of_record
